content.903826e2.js:1 ✅ [Content Script] First injection, proceeding with initialization
content.903826e2.js:84 🔄 [Content Script] Starting initialization {url: 'http://localhost:3001/dashboard', readyState: 'interactive', isMainFrame: true, timestamp: '2025-09-06T15:15:03.002Z'}
content.903826e2.js:84 ✅ [Content Script] Page already loaded, initializing with 300ms delay
content.903826e2.js:84 🚀 [Content Script] Initialize FormDetector
content.903826e2.js:1 ✅ [FormDetector] Initialization completed
content.903826e2.js:1 ⚙️ [FormDetector] Settings not found, using default values (auto detection disabled)
scheduler.development.js:519 [Violation] 'message' handler took 190ms
pwa-install.tsx:81 SW registered:  ServiceWorkerRegistration {installing: null, waiting: null, active: ServiceWorker, navigationPreload: NavigationPreloadManager, scope: 'http://localhost:3001/', …}
pwa-install.tsx:81 SW registered:  ServiceWorkerRegistration {installing: null, waiting: null, active: ServiceWorker, navigationPreload: NavigationPreloadManager, scope: 'http://localhost:3001/', …}
dashboard:1 Banner not shown: beforeinstallpromptevent.preventDefault() called. The page must call beforeinstallpromptevent.prompt() to show the banner.
hook.js:608 Warning: Missing `Description` or `aria-describedby={undefined}` for {DialogContent}. Error Component Stack
    at DescriptionWarning (index.mjs:457:11)
    at eval (index.mjs:315:13)
    at eval (index.mjs:237:58)
    at Presence (index.mjs:26:13)
    at eval (index.mjs:209:64)
    at eval (index.mjs:34:11)
    at eval (index.mjs:15:11)
    at eval (index.mjs:36:13)
    at eval (index.mjs:22:24)
    at Presence (index.mjs:26:13)
    at Provider (index.mjs:34:15)
    at DialogPortal (index.mjs:130:13)
    at _c1 (dialog.tsx:35:6)
    at Provider (index.mjs:34:15)
    at Dialog (index.mjs:61:13)
    at AddBookmarkWithCategoryDialog (add-bookmark-with-category-dialog.tsx:25:3)
    at header (<anonymous>)
    at Header (header.tsx:34:26)
    at div (<anonymous>)
    at HomePage (page.tsx:21:59)
    at ClientPageRoot (client-page.js:14:11)
    at InnerLayoutRouter (layout-router.js:243:11)
    at RedirectErrorBoundary (redirect-boundary.js:74:9)
    at RedirectBoundary (redirect-boundary.js:82:11)
    at NotFoundBoundary (not-found-boundary.js:84:11)
    at LoadingBoundary (layout-router.js:349:11)
    at ErrorBoundary (error-boundary.js:160:11)
    at InnerScrollAndFocusHandler (layout-router.js:153:9)
    at ScrollAndFocusHandler (layout-router.js:228:11)
    at RenderFromTemplateContext (render-from-template-context.js:16:44)
    at OuterLayoutRouter (layout-router.js:370:11)
    at InnerLayoutRouter (layout-router.js:243:11)
    at RedirectErrorBoundary (redirect-boundary.js:74:9)
    at RedirectBoundary (redirect-boundary.js:82:11)
    at NotFoundErrorBoundary (not-found-boundary.js:76:9)
    at NotFoundBoundary (not-found-boundary.js:84:11)
    at LoadingBoundary (layout-router.js:349:11)
    at ErrorBoundary (error-boundary.js:160:11)
    at InnerScrollAndFocusHandler (layout-router.js:153:9)
    at ScrollAndFocusHandler (layout-router.js:228:11)
    at RenderFromTemplateContext (render-from-template-context.js:16:44)
    at OuterLayoutRouter (layout-router.js:370:11)
    at V (index.mjs:54:24)
    at J (index.mjs:47:47)
    at ThemeProvider (theme-provider.tsx:9:33)
    at ErrorBoundary (error-boundary.tsx:17:5)
    at body (<anonymous>)
    at html (<anonymous>)
    at RootLayout [Server] (<anonymous>)
    at RedirectErrorBoundary (redirect-boundary.js:74:9)
    at RedirectBoundary (redirect-boundary.js:82:11)
    at NotFoundErrorBoundary (not-found-boundary.js:76:9)
    at NotFoundBoundary (not-found-boundary.js:84:11)
    at DevRootNotFoundBoundary (dev-root-not-found-boundary.js:33:11)
    at ReactDevOverlay (ReactDevOverlay.js:87:9)
    at HotReload (hot-reloader-client.js:321:11)
    at Router (app-router.js:207:11)
    at ErrorBoundaryHandler (error-boundary.js:113:9)
    at ErrorBoundary (error-boundary.js:160:11)
    at AppRouter (app-router.js:585:13)
    at ServerRoot (app-index.js:112:27)
    at Root (app-index.js:117:11)
overrideMethod @ hook.js:608
eval @ index.mjs:466
commitHookEffectListMount @ react-dom.development.js:21102
commitHookPassiveMountEffects @ react-dom.development.js:23154
commitPassiveMountOnFiber @ react-dom.development.js:23259
recursivelyTraversePassiveMountEffects @ react-dom.development.js:23237
commitPassiveMountOnFiber @ react-dom.development.js:23370
recursivelyTraversePassiveMountEffects @ react-dom.development.js:23237
commitPassiveMountOnFiber @ react-dom.development.js:23256
recursivelyTraversePassiveMountEffects @ react-dom.development.js:23237
commitPassiveMountOnFiber @ react-dom.development.js:23256
recursivelyTraversePassiveMountEffects @ react-dom.development.js:23237
commitPassiveMountOnFiber @ react-dom.development.js:23256
recursivelyTraversePassiveMountEffects @ react-dom.development.js:23237
commitPassiveMountOnFiber @ react-dom.development.js:23256
recursivelyTraversePassiveMountEffects @ react-dom.development.js:23237
commitPassiveMountOnFiber @ react-dom.development.js:23256
recursivelyTraversePassiveMountEffects @ react-dom.development.js:23237
commitPassiveMountOnFiber @ react-dom.development.js:23256
recursivelyTraversePassiveMountEffects @ react-dom.development.js:23237
commitPassiveMountOnFiber @ react-dom.development.js:23256
recursivelyTraversePassiveMountEffects @ react-dom.development.js:23237
commitPassiveMountOnFiber @ react-dom.development.js:23370
recursivelyTraversePassiveMountEffects @ react-dom.development.js:23237
commitPassiveMountOnFiber @ react-dom.development.js:23256
recursivelyTraversePassiveMountEffects @ react-dom.development.js:23237
commitPassiveMountOnFiber @ react-dom.development.js:23256
recursivelyTraversePassiveMountEffects @ react-dom.development.js:23237
commitPassiveMountOnFiber @ react-dom.development.js:23370
recursivelyTraversePassiveMountEffects @ react-dom.development.js:23237
commitPassiveMountOnFiber @ react-dom.development.js:23256
recursivelyTraversePassiveMountEffects @ react-dom.development.js:23237
commitPassiveMountOnFiber @ react-dom.development.js:23256
recursivelyTraversePassiveMountEffects @ react-dom.development.js:23237
commitPassiveMountOnFiber @ react-dom.development.js:23256
recursivelyTraversePassiveMountEffects @ react-dom.development.js:23237
commitPassiveMountOnFiber @ react-dom.development.js:23370
recursivelyTraversePassiveMountEffects @ react-dom.development.js:23237
commitPassiveMountOnFiber @ react-dom.development.js:23256
recursivelyTraversePassiveMountEffects @ react-dom.development.js:23237
commitPassiveMountOnFiber @ react-dom.development.js:23256
recursivelyTraversePassiveMountEffects @ react-dom.development.js:23237
commitPassiveMountOnFiber @ react-dom.development.js:23256
recursivelyTraversePassiveMountEffects @ react-dom.development.js:23237
commitPassiveMountOnFiber @ react-dom.development.js:23370
recursivelyTraversePassiveMountEffects @ react-dom.development.js:23237
commitPassiveMountOnFiber @ react-dom.development.js:23256
recursivelyTraversePassiveMountEffects @ react-dom.development.js:23237
commitPassiveMountOnFiber @ react-dom.development.js:23370
recursivelyTraversePassiveMountEffects @ react-dom.development.js:23237
commitPassiveMountOnFiber @ react-dom.development.js:23256
recursivelyTraversePassiveMountEffects @ react-dom.development.js:23237
commitPassiveMountOnFiber @ react-dom.development.js:23256
recursivelyTraversePassiveMountEffects @ react-dom.development.js:23237
commitPassiveMountOnFiber @ react-dom.development.js:23370
recursivelyTraversePassiveMountEffects @ react-dom.development.js:23237
commitPassiveMountOnFiber @ react-dom.development.js:23370
recursivelyTraversePassiveMountEffects @ react-dom.development.js:23237
commitPassiveMountOnFiber @ react-dom.development.js:23256
recursivelyTraversePassiveMountEffects @ react-dom.development.js:23237
commitPassiveMountOnFiber @ react-dom.development.js:23370
recursivelyTraversePassiveMountEffects @ react-dom.development.js:23237
commitPassiveMountOnFiber @ react-dom.development.js:23256
recursivelyTraversePassiveMountEffects @ react-dom.development.js:23237
commitPassiveMountOnFiber @ react-dom.development.js:23256
recursivelyTraversePassiveMountEffects @ react-dom.development.js:23237
commitPassiveMountOnFiber @ react-dom.development.js:23256
recursivelyTraversePassiveMountEffects @ react-dom.development.js:23237
commitPassiveMountOnFiber @ react-dom.development.js:23256
recursivelyTraversePassiveMountEffects @ react-dom.development.js:23237
commitPassiveMountOnFiber @ react-dom.development.js:23370
recursivelyTraversePassiveMountEffects @ react-dom.development.js:23237
commitPassiveMountOnFiber @ react-dom.development.js:23256
recursivelyTraversePassiveMountEffects @ react-dom.development.js:23237
commitPassiveMountOnFiber @ react-dom.development.js:23256
recursivelyTraversePassiveMountEffects @ react-dom.development.js:23237
commitPassiveMountOnFiber @ react-dom.development.js:23370
recursivelyTraversePassiveMountEffects @ react-dom.development.js:23237
commitPassiveMountOnFiber @ react-dom.development.js:23256
recursivelyTraversePassiveMountEffects @ react-dom.development.js:23237
commitPassiveMountOnFiber @ react-dom.development.js:23370
recursivelyTraversePassiveMountEffects @ react-dom.development.js:23237
commitPassiveMountOnFiber @ react-dom.development.js:23256
recursivelyTraversePassiveMountEffects @ react-dom.development.js:23237
commitPassiveMountOnFiber @ react-dom.development.js:23370
recursivelyTraversePassiveMountEffects @ react-dom.development.js:23237
commitPassiveMountOnFiber @ react-dom.development.js:23256
recursivelyTraversePassiveMountEffects @ react-dom.development.js:23237
commitPassiveMountOnFiber @ react-dom.development.js:23370
recursivelyTraversePassiveMountEffects @ react-dom.development.js:23237
commitPassiveMountOnFiber @ react-dom.development.js:23256
recursivelyTraversePassiveMountEffects @ react-dom.development.js:23237
commitPassiveMountOnFiber @ react-dom.development.js:23256
recursivelyTraversePassiveMountEffects @ react-dom.development.js:23237
commitPassiveMountOnFiber @ react-dom.development.js:23256
recursivelyTraversePassiveMountEffects @ react-dom.development.js:23237
commitPassiveMountOnFiber @ react-dom.development.js:23370
recursivelyTraversePassiveMountEffects @ react-dom.development.js:23237
commitPassiveMountOnFiber @ react-dom.development.js:23256
recursivelyTraversePassiveMountEffects @ react-dom.development.js:23237
commitPassiveMountOnFiber @ react-dom.development.js:23256
recursivelyTraversePassiveMountEffects @ react-dom.development.js:23237
commitPassiveMountOnFiber @ react-dom.development.js:23370
recursivelyTraversePassiveMountEffects @ react-dom.development.js:23237
commitPassiveMountOnFiber @ react-dom.development.js:23256
recursivelyTraversePassiveMountEffects @ react-dom.development.js:23237
commitPassiveMountOnFiber @ react-dom.development.js:23370
recursivelyTraversePassiveMountEffects @ react-dom.development.js:23237
commitPassiveMountOnFiber @ react-dom.development.js:23370
recursivelyTraversePassiveMountEffects @ react-dom.development.js:23237
commitPassiveMountOnFiber @ react-dom.development.js:23256
recursivelyTraversePassiveMountEffects @ react-dom.development.js:23237
commitPassiveMountOnFiber @ react-dom.development.js:23256
recursivelyTraversePassiveMountEffects @ react-dom.development.js:23237
commitPassiveMountOnFiber @ react-dom.development.js:23256
recursivelyTraversePassiveMountEffects @ react-dom.development.js:23237
commitPassiveMountOnFiber @ react-dom.development.js:23370
recursivelyTraversePassiveMountEffects @ react-dom.development.js:23237
commitPassiveMountOnFiber @ react-dom.development.js:23370
recursivelyTraversePassiveMountEffects @ react-dom.development.js:23237
commitPassiveMountOnFiber @ react-dom.development.js:23370
recursivelyTraversePassiveMountEffects @ react-dom.development.js:23237
commitPassiveMountOnFiber @ react-dom.development.js:23370
recursivelyTraversePassiveMountEffects @ react-dom.development.js:23237
commitPassiveMountOnFiber @ react-dom.development.js:23370
recursivelyTraversePassiveMountEffects @ react-dom.development.js:23237
commitPassiveMountOnFiber @ react-dom.development.js:23370
recursivelyTraversePassiveMountEffects @ react-dom.development.js:23237
commitPassiveMountOnFiber @ react-dom.development.js:23256
recursivelyTraversePassiveMountEffects @ react-dom.development.js:23237
commitPassiveMountOnFiber @ react-dom.development.js:23370
recursivelyTraversePassiveMountEffects @ react-dom.development.js:23237
commitPassiveMountOnFiber @ react-dom.development.js:23370
recursivelyTraversePassiveMountEffects @ react-dom.development.js:23237
commitPassiveMountOnFiber @ react-dom.development.js:23256
recursivelyTraversePassiveMountEffects @ react-dom.development.js:23237
commitPassiveMountOnFiber @ react-dom.development.js:23256
recursivelyTraversePassiveMountEffects @ react-dom.development.js:23237
commitPassiveMountOnFiber @ react-dom.development.js:23370
recursivelyTraversePassiveMountEffects @ react-dom.development.js:23237
commitPassiveMountOnFiber @ react-dom.development.js:23256
recursivelyTraversePassiveMountEffects @ react-dom.development.js:23237
commitPassiveMountOnFiber @ react-dom.development.js:23370
recursivelyTraversePassiveMountEffects @ react-dom.development.js:23237
commitPassiveMountOnFiber @ react-dom.development.js:23370
recursivelyTraversePassiveMountEffects @ react-dom.development.js:23237
commitPassiveMountOnFiber @ react-dom.development.js:23370
recursivelyTraversePassiveMountEffects @ react-dom.development.js:23237
commitPassiveMountOnFiber @ react-dom.development.js:23370
recursivelyTraversePassiveMountEffects @ react-dom.development.js:23237
commitPassiveMountOnFiber @ react-dom.development.js:23370
recursivelyTraversePassiveMountEffects @ react-dom.development.js:23237
commitPassiveMountOnFiber @ react-dom.development.js:23370
recursivelyTraversePassiveMountEffects @ react-dom.development.js:23237
commitPassiveMountOnFiber @ react-dom.development.js:23256
recursivelyTraversePassiveMountEffects @ react-dom.development.js:23237
commitPassiveMountOnFiber @ react-dom.development.js:23370
recursivelyTraversePassiveMountEffects @ react-dom.development.js:23237
commitPassiveMountOnFiber @ react-dom.development.js:23256
recursivelyTraversePassiveMountEffects @ react-dom.development.js:23237
commitPassiveMountOnFiber @ react-dom.development.js:23256
recursivelyTraversePassiveMountEffects @ react-dom.development.js:23237
commitPassiveMountOnFiber @ react-dom.development.js:23256
recursivelyTraversePassiveMountEffects @ react-dom.development.js:23237
commitPassiveMountOnFiber @ react-dom.development.js:23256
recursivelyTraversePassiveMountEffects @ react-dom.development.js:23237
commitPassiveMountOnFiber @ react-dom.development.js:23370
recursivelyTraversePassiveMountEffects @ react-dom.development.js:23237
commitPassiveMountOnFiber @ react-dom.development.js:23370
recursivelyTraversePassiveMountEffects @ react-dom.development.js:23237
commitPassiveMountOnFiber @ react-dom.development.js:23370
recursivelyTraversePassiveMountEffects @ react-dom.development.js:23237
commitPassiveMountOnFiber @ react-dom.development.js:23267
commitPassiveMountEffects @ react-dom.development.js:23225
flushPassiveEffectsImpl @ react-dom.development.js:26497
flushPassiveEffects @ react-dom.development.js:26438
commitRootImpl @ react-dom.development.js:26337
commitRoot @ react-dom.development.js:26077
performSyncWorkOnRoot @ react-dom.development.js:24925
flushSyncWorkAcrossRoots_impl @ react-dom.development.js:7758
flushSyncWorkOnAllRoots @ react-dom.development.js:7718
processRootScheduleInMicrotask @ react-dom.development.js:7863
eval @ react-dom.development.js:8034
hook.js:608 Warning: Missing `Description` or `aria-describedby={undefined}` for {DialogContent}.
overrideMethod @ hook.js:608
eval @ index.mjs:466
commitHookEffectListMount @ react-dom.development.js:21102
invokePassiveEffectMountInDEV @ react-dom.development.js:23980
invokeEffectsInDev @ react-dom.development.js:26852
legacyCommitDoubleInvokeEffectsInDEV @ react-dom.development.js:26835
commitDoubleInvokeEffectsInDEV @ react-dom.development.js:26816
flushPassiveEffectsImpl @ react-dom.development.js:26514
flushPassiveEffects @ react-dom.development.js:26438
commitRootImpl @ react-dom.development.js:26337
commitRoot @ react-dom.development.js:26077
performSyncWorkOnRoot @ react-dom.development.js:24925
flushSyncWorkAcrossRoots_impl @ react-dom.development.js:7758
flushSyncWorkOnAllRoots @ react-dom.development.js:7718
processRootScheduleInMicrotask @ react-dom.development.js:7863
eval @ react-dom.development.js:8034
add-bookmark-with-category-dialog.tsx:83 🔍 查找预置数据，清理后的URL: download.csdn.net/blog/column/12461246/133625846
add-bookmark-with-category-dialog.tsx:97 ❌ 预置数据库中未找到匹配项: download.csdn.net/blog/column/12461246/133625846
add-bookmark-with-category-dialog.tsx:105 ✅ 找到部分匹配: download.csdn.net → CSDN下载
add-bookmark-with-category-dialog.tsx:83 🔍 查找预置数据，清理后的URL: download.csdn.net/blog/column/12461246/133625846
add-bookmark-with-category-dialog.tsx:97 ❌ 预置数据库中未找到匹配项: download.csdn.net/blog/column/12461246/133625846
add-bookmark-with-category-dialog.tsx:105 ✅ 找到部分匹配: download.csdn.net → CSDN下载
use-bookmark-store.ts:705 📝 没有需要增强的书签
sw.js:170 Service Worker: Network request failed: https://icons.duckduckgo.com/ip3/code.visualstudio.com.ico TypeError: Failed to fetch
    at sw.js:169:5
（匿名） @ sw.js:170
Promise.catch
（匿名） @ sw.js:169
The FetchEvent for "<URL>" resulted in a network error response: the promise was rejected.
The FetchEvent for "<URL>" resulted in a network error response: the promise was rejected.
The FetchEvent for "<URL>" resulted in a network error response: the promise was rejected.
The FetchEvent for "<URL>" resulted in a network error response: the promise was rejected.
The FetchEvent for "<URL>" resulted in a network error response: the promise was rejected.
The FetchEvent for "<URL>" resulted in a network error response: the promise was rejected.
The FetchEvent for "<URL>" resulted in a network error response: the promise was rejected.
The FetchEvent for "<URL>" resulted in a network error response: the promise was rejected.
The FetchEvent for "<URL>" resulted in a network error response: the promise was rejected.
The FetchEvent for "<URL>" resulted in a network error response: the promise was rejected.
The FetchEvent for "<URL>" resulted in a network error response: the promise was rejected.
The FetchEvent for "<URL>" resulted in a network error response: the promise was rejected.
sw.js:297 Service Worker: Unhandled promise rejection TypeError: Failed to fetch
    at sw.js:169:5
（匿名） @ sw.js:297
sw.js:170 Service Worker: Network request failed: https://icons.duckduckgo.com/ip3/www.jetbrains.com.ico TypeError: Failed to fetch
    at sw.js:169:5
（匿名） @ sw.js:170
Promise.catch
（匿名） @ sw.js:169
sw.js:297 Service Worker: Unhandled promise rejection TypeError: Failed to fetch
    at sw.js:169:5
（匿名） @ sw.js:297
sw.js:170 Service Worker: Network request failed: https://icons.duckduckgo.com/ip3/developer.mozilla.org.ico TypeError: Failed to fetch
    at sw.js:169:5
（匿名） @ sw.js:170
Promise.catch
（匿名） @ sw.js:169
sw.js:297 Service Worker: Unhandled promise rejection TypeError: Failed to fetch
    at sw.js:169:5
（匿名） @ sw.js:297
sw.js:170 Service Worker: Network request failed: https://icons.duckduckgo.com/ip3/react.dev.ico TypeError: Failed to fetch
    at sw.js:169:5
（匿名） @ sw.js:170
Promise.catch
（匿名） @ sw.js:169
sw.js:297 Service Worker: Unhandled promise rejection TypeError: Failed to fetch
    at sw.js:169:5
（匿名） @ sw.js:297
sw.js:170 Service Worker: Network request failed: https://icons.duckduckgo.com/ip3/www.figma.com.ico TypeError: Failed to fetch
    at sw.js:169:5
（匿名） @ sw.js:170
Promise.catch
（匿名） @ sw.js:169
sw.js:170 Service Worker: Network request failed: https://icons.duckduckgo.com/ip3/www.canva.com.ico TypeError: Failed to fetch
    at sw.js:169:5
（匿名） @ sw.js:170
Promise.catch
（匿名） @ sw.js:169
sw.js:297 Service Worker: Unhandled promise rejection TypeError: Failed to fetch
    at sw.js:169:5
（匿名） @ sw.js:297
sw.js:297 Service Worker: Unhandled promise rejection TypeError: Failed to fetch
    at sw.js:169:5
（匿名） @ sw.js:297
sw.js:170 Service Worker: Network request failed: https://icons.duckduckgo.com/ip3/code.visualstudio.com.ico TypeError: Failed to fetch
    at sw.js:169:5
（匿名） @ sw.js:170
Promise.catch
（匿名） @ sw.js:169
sw.js:170 Service Worker: Network request failed: https://icons.duckduckgo.com/ip3/www.jetbrains.com.ico TypeError: Failed to fetch
    at sw.js:169:5
（匿名） @ sw.js:170
Promise.catch
（匿名） @ sw.js:169
icons.duckduckgo.com/ip3/code.visualstudio.com.ico:1  GET https://icons.duckduckgo.com/ip3/code.visualstudio.com.ico net::ERR_FAILED
sw.js:297 Service Worker: Unhandled promise rejection TypeError: Failed to fetch
    at sw.js:169:5
（匿名） @ sw.js:297
sw.js:170 Service Worker: Network request failed: https://icons.duckduckgo.com/ip3/developer.mozilla.org.ico TypeError: Failed to fetch
    at sw.js:169:5
（匿名） @ sw.js:170
Promise.catch
（匿名） @ sw.js:169
sw.js:170 Service Worker: Network request failed: https://icons.duckduckgo.com/ip3/react.dev.ico TypeError: Failed to fetch
    at sw.js:169:5
（匿名） @ sw.js:170
Promise.catch
（匿名） @ sw.js:169
icons.duckduckgo.com/ip3/www.jetbrains.com.ico:1  GET https://icons.duckduckgo.com/ip3/www.jetbrains.com.ico net::ERR_FAILED
icons.duckduckgo.com/ip3/developer.mozilla.org.ico:1  GET https://icons.duckduckgo.com/ip3/developer.mozilla.org.ico net::ERR_FAILED
sw.js:170 Service Worker: Network request failed: https://icons.duckduckgo.com/ip3/www.figma.com.ico TypeError: Failed to fetch
    at sw.js:169:5
（匿名） @ sw.js:170
Promise.catch
（匿名） @ sw.js:169
sw.js:170 Service Worker: Network request failed: https://icons.duckduckgo.com/ip3/www.canva.com.ico TypeError: Failed to fetch
    at sw.js:169:5
（匿名） @ sw.js:170
Promise.catch
（匿名） @ sw.js:169
sw.js:297 Service Worker: Unhandled promise rejection TypeError: Failed to fetch
    at sw.js:169:5
（匿名） @ sw.js:297
sw.js:297 Service Worker: Unhandled promise rejection TypeError: Failed to fetch
    at sw.js:169:5
（匿名） @ sw.js:297
sw.js:297 Service Worker: Unhandled promise rejection TypeError: Failed to fetch
    at sw.js:169:5
（匿名） @ sw.js:297
sw.js:297 Service Worker: Unhandled promise rejection TypeError: Failed to fetch
    at sw.js:169:5
（匿名） @ sw.js:297
sw.js:297 Service Worker: Unhandled promise rejection TypeError: Failed to fetch
    at sw.js:169:5
（匿名） @ sw.js:297
icons.duckduckgo.com/ip3/react.dev.ico:1  GET https://icons.duckduckgo.com/ip3/react.dev.ico net::ERR_FAILED
icons.duckduckgo.com/ip3/www.figma.com.ico:1  GET https://icons.duckduckgo.com/ip3/www.figma.com.ico net::ERR_FAILED
icons.duckduckgo.com/ip3/www.canva.com.ico:1  GET https://icons.duckduckgo.com/ip3/www.canva.com.ico net::ERR_FAILED
 [Fast Refresh] rebuilding
